  [1m[36m (0.2ms)[0m  [1mselect sqlite_version(*)[0m
  [1m[35m (29.3ms)[0m  CREATE TABLE "schema_migrations" ("version" varchar(255) NOT NULL) 
  [1m[36m (0.1ms)[0m  [1mPRAGMA index_list("schema_migrations")[0m
  [1m[35m (12.0ms)[0m  CREATE UNIQUE INDEX "unique_schema_migrations" ON "schema_migrations" ("version")
  [1m[36m (0.0ms)[0m  [1mSELECT "schema_migrations"."version" FROM "schema_migrations" [0m
  [1m[36m (0.1ms)[0m  [1mSELECT "schema_migrations"."version" FROM "schema_migrations" [0m
Migrating to CreateMovies (20111119180638)
  [1m[35m (0.1ms)[0m  select sqlite_version(*)
  [1m[36m (1.8ms)[0m  [1mCREATE TABLE "movies" ("id" INTEGER PRIMARY KEY AUTOINCREMENT NOT NULL, "title" varchar(255), "rating" varchar(255), "description" text, "release_date" datetime, "created_at" datetime, "updated_at" datetime) [0m
  [1m[35m (0.3ms)[0m  INSERT INTO "schema_migrations" ("version") VALUES ('20111119180638')
  [1m[36m (0.5ms)[0m  [1mselect sqlite_version(*)[0m
  [1m[35m (0.1ms)[0m  SELECT "schema_migrations"."version" FROM "schema_migrations" 
  [1m[36m (0.1ms)[0m  [1mPRAGMA index_list("movies")[0m
  [1m[36m (0.1ms)[0m  [1mSELECT "schema_migrations"."version" FROM "schema_migrations" [0m
  [1m[35mSQL (30.3ms)[0m  INSERT INTO "movies" ("created_at", "description", "rating", "release_date", "title", "updated_at") VALUES (?, ?, ?, ?, ?, ?)  [["created_at", Sat, 23 Feb 2013 15:04:50 UTC +00:00], ["description", nil], ["rating", "G"], ["release_date", Wed, 25 Nov 1992 00:00:00 UTC +00:00], ["title", "Aladdin"], ["updated_at", Sat, 23 Feb 2013 15:04:50 UTC +00:00]]
  [1m[36mSQL (0.6ms)[0m  [1mINSERT INTO "movies" ("created_at", "description", "rating", "release_date", "title", "updated_at") VALUES (?, ?, ?, ?, ?, ?)[0m  [["created_at", Sat, 23 Feb 2013 15:04:50 UTC +00:00], ["description", nil], ["rating", "R"], ["release_date", Fri, 26 Oct 1984 00:00:00 UTC +00:00], ["title", "The Terminator"], ["updated_at", Sat, 23 Feb 2013 15:04:50 UTC +00:00]]
  [1m[35mSQL (0.5ms)[0m  INSERT INTO "movies" ("created_at", "description", "rating", "release_date", "title", "updated_at") VALUES (?, ?, ?, ?, ?, ?)  [["created_at", Sat, 23 Feb 2013 15:04:50 UTC +00:00], ["description", nil], ["rating", "R"], ["release_date", Fri, 21 Jul 1989 00:00:00 UTC +00:00], ["title", "When Harry Met Sally"], ["updated_at", Sat, 23 Feb 2013 15:04:50 UTC +00:00]]
  [1m[36mSQL (0.6ms)[0m  [1mINSERT INTO "movies" ("created_at", "description", "rating", "release_date", "title", "updated_at") VALUES (?, ?, ?, ?, ?, ?)[0m  [["created_at", Sat, 23 Feb 2013 15:04:50 UTC +00:00], ["description", nil], ["rating", "PG-13"], ["release_date", Wed, 10 Aug 2011 00:00:00 UTC +00:00], ["title", "The Help"], ["updated_at", Sat, 23 Feb 2013 15:04:50 UTC +00:00]]
  [1m[35mSQL (0.6ms)[0m  INSERT INTO "movies" ("created_at", "description", "rating", "release_date", "title", "updated_at") VALUES (?, ?, ?, ?, ?, ?)  [["created_at", Sat, 23 Feb 2013 15:04:51 UTC +00:00], ["description", nil], ["rating", "PG-13"], ["release_date", Fri, 05 Jan 2001 00:00:00 UTC +00:00], ["title", "Chocolat"], ["updated_at", Sat, 23 Feb 2013 15:04:51 UTC +00:00]]
  [1m[36mSQL (0.6ms)[0m  [1mINSERT INTO "movies" ("created_at", "description", "rating", "release_date", "title", "updated_at") VALUES (?, ?, ?, ?, ?, ?)[0m  [["created_at", Sat, 23 Feb 2013 15:04:51 UTC +00:00], ["description", nil], ["rating", "R"], ["release_date", Wed, 25 Apr 2001 00:00:00 UTC +00:00], ["title", "Amelie"], ["updated_at", Sat, 23 Feb 2013 15:04:51 UTC +00:00]]
  [1m[35mSQL (0.6ms)[0m  INSERT INTO "movies" ("created_at", "description", "rating", "release_date", "title", "updated_at") VALUES (?, ?, ?, ?, ?, ?)  [["created_at", Sat, 23 Feb 2013 15:04:51 UTC +00:00], ["description", nil], ["rating", "G"], ["release_date", Sat, 06 Apr 1968 00:00:00 UTC +00:00], ["title", "2001: A Space Odyssey"], ["updated_at", Sat, 23 Feb 2013 15:04:51 UTC +00:00]]
  [1m[36mSQL (0.6ms)[0m  [1mINSERT INTO "movies" ("created_at", "description", "rating", "release_date", "title", "updated_at") VALUES (?, ?, ?, ?, ?, ?)[0m  [["created_at", Sat, 23 Feb 2013 15:04:51 UTC +00:00], ["description", nil], ["rating", "PG"], ["release_date", Fri, 05 Nov 2004 00:00:00 UTC +00:00], ["title", "The Incredibles"], ["updated_at", Sat, 23 Feb 2013 15:04:51 UTC +00:00]]
  [1m[35mSQL (0.5ms)[0m  INSERT INTO "movies" ("created_at", "description", "rating", "release_date", "title", "updated_at") VALUES (?, ?, ?, ?, ?, ?)  [["created_at", Sat, 23 Feb 2013 15:04:51 UTC +00:00], ["description", nil], ["rating", "PG"], ["release_date", Fri, 12 Jun 1981 00:00:00 UTC +00:00], ["title", "Raiders of the Lost Ark"], ["updated_at", Sat, 23 Feb 2013 15:04:51 UTC +00:00]]
  [1m[36mSQL (0.5ms)[0m  [1mINSERT INTO "movies" ("created_at", "description", "rating", "release_date", "title", "updated_at") VALUES (?, ?, ?, ?, ?, ?)[0m  [["created_at", Sat, 23 Feb 2013 15:04:51 UTC +00:00], ["description", nil], ["rating", "G"], ["release_date", Wed, 21 Jun 2000 00:00:00 UTC +00:00], ["title", "Chicken Run"], ["updated_at", Sat, 23 Feb 2013 15:04:51 UTC +00:00]]


Started GET "/movies" for 127.0.0.1 at 2013-02-23 07:24:17 -0800
  Processing by MoviesController#index as HTML
  [1m[36mMovie Load (0.5ms)[0m  [1mSELECT "movies".* FROM "movies" [0m
Rendered movies/index.html.haml within layouts/application (58.4ms)
Compiled application.css  (0ms)  (pid 7213)
Compiled application.js  (52ms)  (pid 7213)
Compiled jquery.js  (68ms)  (pid 7213)
Compiled jquery_ujs.js  (15ms)  (pid 7213)
Completed 200 OK in 552ms (Views: 549.6ms | ActiveRecord: 0.7ms)


Started GET "/assets/application.css?body=1" for 127.0.0.1 at 2013-02-23 07:24:20 -0800
Served asset /application.css - 200 OK (12ms)


Started GET "/assets/jquery_ujs.js?body=1" for 127.0.0.1 at 2013-02-23 07:24:20 -0800
Served asset /jquery_ujs.js - 200 OK (10ms)


Started GET "/assets/application.js?body=1" for 127.0.0.1 at 2013-02-23 07:24:20 -0800
Served asset /application.js - 200 OK (13ms)


Started GET "/assets/jquery.js?body=1" for 127.0.0.1 at 2013-02-23 07:24:20 -0800
Served asset /jquery.js - 200 OK (11ms)
